app/build/intermediates/manifest_merge_blame_file/release/manifest-merger-blame-release-report.txt
1<?xml version="1.0" encoding="utf-8"?>
2<manifest xmlns:android="http://schemas.android.com/apk/res/android"
3    package="com.buge.appmanager"
4    android:versionCode="22"
5    android:versionName="3.6.11" >
6
7    <uses-sdk
8        android:minSdkVersion="26"
9        android:targetSdkVersion="34" />
10
11    <uses-permission android:name="android.permission.GET_PACKAGE_SIZE" />
11-->src/main/AndroidManifest.xml:4:5-75
11-->src/main/AndroidManifest.xml:4:22-72
12
13    <queries>
13-->src/main/AndroidManifest.xml:6:5-11:15
14        <intent>
14-->src/main/AndroidManifest.xml:7:9-10:18
15            <action android:name="android.intent.action.MAIN" />
15-->src/main/AndroidManifest.xml:8:13-65
15-->src/main/AndroidManifest.xml:8:21-62
16
17            <category android:name="android.intent.category.LAUNCHER" />
17-->src/main/AndroidManifest.xml:9:13-73
17-->src/main/AndroidManifest.xml:9:23-70
18        </intent>
19    </queries>
20
21    <permission
21-->[androidx.core:core:1.13.0] AndroidManifest.xml:22:5-24:47
22        android:name="com.buge.appmanager.DYNAMIC_RECEIVER_NOT_EXPORTED_PERMISSION"
22-->[androidx.core:core:1.13.0] AndroidManifest.xml:23:9-81
23        android:protectionLevel="signature" />
23-->[androidx.core:core:1.13.0] AndroidManifest.xml:24:9-44
24
25    <uses-permission android:name="com.buge.appmanager.DYNAMIC_RECEIVER_NOT_EXPORTED_PERMISSION" />
25-->[androidx.core:core:1.13.0] AndroidManifest.xml:26:5-97
25-->[androidx.core:core:1.13.0] AndroidManifest.xml:26:22-94
26    <uses-permission android:name="moe.shizuku.manager.permission.API_V23" />
26-->[dev.rikka.shizuku:provider:13.1.5] AndroidManifest.xml:8:5-78
26-->[dev.rikka.shizuku:provider:13.1.5] AndroidManifest.xml:8:22-75
27
28    <application
28-->src/main/AndroidManifest.xml:13:5-63:19
29        android:allowBackup="true"
29-->src/main/AndroidManifest.xml:14:9-35
30        android:appComponentFactory="androidx.core.app.CoreComponentFactory"
30-->[androidx.core:core:1.13.0] AndroidManifest.xml:28:18-86
31        android:extractNativeLibs="false"
32        android:icon="@mipmap/ic_launcher"
32-->src/main/AndroidManifest.xml:15:9-43
33        android:label="@string/app_name"
33-->src/main/AndroidManifest.xml:17:9-41
34        android:persistent="false"
34-->src/main/AndroidManifest.xml:20:9-35
35        android:roundIcon="@mipmap/ic_launcher_round"
35-->src/main/AndroidManifest.xml:16:9-54
36        android:supportsRtl="true"
36-->src/main/AndroidManifest.xml:18:9-35
37        android:theme="@style/Theme.BugeAppManager" >
37-->src/main/AndroidManifest.xml:19:9-52
38        <activity
38-->src/main/AndroidManifest.xml:24:9-33:20
39            android:name="com.buge.appmanager.MainActivity"
39-->src/main/AndroidManifest.xml:25:13-41
40            android:exported="true"
40-->src/main/AndroidManifest.xml:26:13-36
41            android:launchMode="singleTop"
41-->src/main/AndroidManifest.xml:27:13-43
42            android:windowSoftInputMode="adjustResize" >
42-->src/main/AndroidManifest.xml:28:13-55
43            <intent-filter>
43-->src/main/AndroidManifest.xml:29:13-32:29
44                <action android:name="android.intent.action.MAIN" />
44-->src/main/AndroidManifest.xml:8:13-65
44-->src/main/AndroidManifest.xml:8:21-62
45
46                <category android:name="android.intent.category.LAUNCHER" />
46-->src/main/AndroidManifest.xml:9:13-73
46-->src/main/AndroidManifest.xml:9:23-70
47            </intent-filter>
48        </activity>
49        <activity
49-->src/main/AndroidManifest.xml:35:9-39:46
50            android:name="com.buge.appmanager.AppDetailActivity"
50-->src/main/AndroidManifest.xml:36:13-46
51            android:exported="false"
51-->src/main/AndroidManifest.xml:37:13-37
52            android:launchMode="singleTop"
52-->src/main/AndroidManifest.xml:39:13-43
53            android:parentActivityName="com.buge.appmanager.MainActivity" />
53-->src/main/AndroidManifest.xml:38:13-55
54        <activity
54-->src/main/AndroidManifest.xml:41:9-45:46
55            android:name="com.buge.appmanager.SettingsActivity"
55-->src/main/AndroidManifest.xml:42:13-45
56            android:exported="false"
56-->src/main/AndroidManifest.xml:43:13-37
57            android:launchMode="singleTop"
57-->src/main/AndroidManifest.xml:45:13-43
58            android:parentActivityName="com.buge.appmanager.MainActivity" />
58-->src/main/AndroidManifest.xml:44:13-55
59        <activity
59-->src/main/AndroidManifest.xml:47:9-53:52
60            android:name="com.buge.appmanager.ActivityDetailActivity"
60-->src/main/AndroidManifest.xml:48:13-51
61            android:alwaysRetainTaskState="true"
61-->src/main/AndroidManifest.xml:53:13-49
62            android:configChanges="orientation|screenSize|keyboardHidden"
62-->src/main/AndroidManifest.xml:52:13-74
63            android:exported="false"
63-->src/main/AndroidManifest.xml:49:13-37
64            android:launchMode="singleTop"
64-->src/main/AndroidManifest.xml:51:13-43
65            android:parentActivityName="com.buge.appmanager.MainActivity" />
65-->src/main/AndroidManifest.xml:50:13-55
66
67        <provider
68            android:name="rikka.shizuku.ShizukuProvider"
68-->src/main/AndroidManifest.xml:56:13-57
69            android:authorities="com.buge.appmanager.shizuku"
69-->src/main/AndroidManifest.xml:57:13-59
70            android:enabled="true"
70-->src/main/AndroidManifest.xml:59:13-35
71            android:exported="true"
71-->src/main/AndroidManifest.xml:60:13-36
72            android:multiprocess="false"
72-->src/main/AndroidManifest.xml:58:13-41
73            android:permission="android.permission.INTERACT_ACROSS_USERS_FULL" />
73-->src/main/AndroidManifest.xml:61:13-79
74        <provider
74-->[androidx.emoji2:emoji2:1.2.0] AndroidManifest.xml:24:9-32:20
75            android:name="androidx.startup.InitializationProvider"
75-->[androidx.emoji2:emoji2:1.2.0] AndroidManifest.xml:25:13-67
76            android:authorities="com.buge.appmanager.androidx-startup"
76-->[androidx.emoji2:emoji2:1.2.0] AndroidManifest.xml:26:13-68
77            android:exported="false" >
77-->[androidx.emoji2:emoji2:1.2.0] AndroidManifest.xml:27:13-37
78            <meta-data
78-->[androidx.emoji2:emoji2:1.2.0] AndroidManifest.xml:29:13-31:52
79                android:name="androidx.emoji2.text.EmojiCompatInitializer"
79-->[androidx.emoji2:emoji2:1.2.0] AndroidManifest.xml:30:17-75
80                android:value="androidx.startup" />
80-->[androidx.emoji2:emoji2:1.2.0] AndroidManifest.xml:31:17-49
81            <meta-data
81-->[androidx.lifecycle:lifecycle-process:2.7.0] AndroidManifest.xml:29:13-31:52
82                android:name="androidx.lifecycle.ProcessLifecycleInitializer"
82-->[androidx.lifecycle:lifecycle-process:2.7.0] AndroidManifest.xml:30:17-78
83                android:value="androidx.startup" />
83-->[androidx.lifecycle:lifecycle-process:2.7.0] AndroidManifest.xml:31:17-49
84            <meta-data
84-->[androidx.profileinstaller:profileinstaller:1.3.0] AndroidManifest.xml:29:13-31:52
85                android:name="androidx.profileinstaller.ProfileInstallerInitializer"
85-->[androidx.profileinstaller:profileinstaller:1.3.0] AndroidManifest.xml:30:17-85
86                android:value="androidx.startup" />
86-->[androidx.profileinstaller:profileinstaller:1.3.0] AndroidManifest.xml:31:17-49
87        </provider>
88
89        <uses-library
89-->[androidx.window:window:1.0.0] AndroidManifest.xml:25:9-27:40
90            android:name="androidx.window.extensions"
90-->[androidx.window:window:1.0.0] AndroidManifest.xml:26:13-54
91            android:required="false" />
91-->[androidx.window:window:1.0.0] AndroidManifest.xml:27:13-37
92        <uses-library
92-->[androidx.window:window:1.0.0] AndroidManifest.xml:28:9-30:40
93            android:name="androidx.window.sidecar"
93-->[androidx.window:window:1.0.0] AndroidManifest.xml:29:13-51
94            android:required="false" />
94-->[androidx.window:window:1.0.0] AndroidManifest.xml:30:13-37
95
96        <meta-data
96-->[dev.rikka.shizuku:provider:13.1.5] AndroidManifest.xml:11:9-13:36
97            android:name="moe.shizuku.client.V3_SUPPORT"
97-->[dev.rikka.shizuku:provider:13.1.5] AndroidManifest.xml:12:13-57
98            android:value="true" />
98-->[dev.rikka.shizuku:provider:13.1.5] AndroidManifest.xml:13:13-33
99
100        <receiver
100-->[androidx.profileinstaller:profileinstaller:1.3.0] AndroidManifest.xml:34:9-52:20
101            android:name="androidx.profileinstaller.ProfileInstallReceiver"
101-->[androidx.profileinstaller:profileinstaller:1.3.0] AndroidManifest.xml:35:13-76
102            android:directBootAware="false"
102-->[androidx.profileinstaller:profileinstaller:1.3.0] AndroidManifest.xml:36:13-44
103            android:enabled="true"
103-->[androidx.profileinstaller:profileinstaller:1.3.0] AndroidManifest.xml:37:13-35
104            android:exported="true"
104-->[androidx.profileinstaller:profileinstaller:1.3.0] AndroidManifest.xml:38:13-36
105            android:permission="android.permission.DUMP" >
105-->[androidx.profileinstaller:profileinstaller:1.3.0] AndroidManifest.xml:39:13-57
106            <intent-filter>
106-->[androidx.profileinstaller:profileinstaller:1.3.0] AndroidManifest.xml:40:13-42:29
107                <action android:name="androidx.profileinstaller.action.INSTALL_PROFILE" />
107-->[androidx.profileinstaller:profileinstaller:1.3.0] AndroidManifest.xml:41:17-91
107-->[androidx.profileinstaller:profileinstaller:1.3.0] AndroidManifest.xml:41:25-88
108            </intent-filter>
109            <intent-filter>
109-->[androidx.profileinstaller:profileinstaller:1.3.0] AndroidManifest.xml:43:13-45:29
110                <action android:name="androidx.profileinstaller.action.SKIP_FILE" />
110-->[androidx.profileinstaller:profileinstaller:1.3.0] AndroidManifest.xml:44:17-85
110-->[androidx.profileinstaller:profileinstaller:1.3.0] AndroidManifest.xml:44:25-82
111            </intent-filter>
112            <intent-filter>
112-->[androidx.profileinstaller:profileinstaller:1.3.0] AndroidManifest.xml:46:13-48:29
113                <action android:name="androidx.profileinstaller.action.SAVE_PROFILE" />
113-->[androidx.profileinstaller:profileinstaller:1.3.0] AndroidManifest.xml:47:17-88
113-->[androidx.profileinstaller:profileinstaller:1.3.0] AndroidManifest.xml:47:25-85
114            </intent-filter>
115            <intent-filter>
115-->[androidx.profileinstaller:profileinstaller:1.3.0] AndroidManifest.xml:49:13-51:29
116                <action android:name="androidx.profileinstaller.action.BENCHMARK_OPERATION" />
116-->[androidx.profileinstaller:profileinstaller:1.3.0] AndroidManifest.xml:50:17-95
116-->[androidx.profileinstaller:profileinstaller:1.3.0] AndroidManifest.xml:50:25-92
117            </intent-filter>
118        </receiver>
119    </application>
120
121</manifest>